The system is: Windows - 10.0.19041 - AMD64
Compiling the C compiler identification source file "CMakeCCompilerId.c" succeeded.
Compiler: C:/Program Files (x86)/Microsoft Visual Studio/2019/Community/VC/Tools/MSVC/14.23.28105/bin/HostX64/x64/cl.exe 
Build flags: 
Id flags:  

The output was:
0
Microsoft (R) C/C++ Optimizing Compiler Version 19.23.28107 for x64
Copyright (C) Microsoft Corporation.  All rights reserved.

CMakeCCompilerId.c
Microsoft (R) Incremental Linker Version 14.23.28107.0
Copyright (C) Microsoft Corporation.  All rights reserved.

/out:CMakeCCompilerId.exe 
CMakeCCompilerId.obj 


Compilation of the C compiler identification source "CMakeCCompilerId.c" produced "CMakeCCompilerId.exe"

Compilation of the C compiler identification source "CMakeCCompilerId.c" produced "CMakeCCompilerId.obj"

The C compiler identification is MSVC, found in "D:/UNIVERSITY_OF_STUTTGART/COURSES_MATERIAL/SEM4/GPU_LAB/Opencl-ex1/out/build/x64-Release/CMakeFiles/3.15.19080502-MSVC_2/CompilerIdC/CMakeCCompilerId.exe"

Compiling the CXX compiler identification source file "CMakeCXXCompilerId.cpp" succeeded.
Compiler: C:/Program Files (x86)/Microsoft Visual Studio/2019/Community/VC/Tools/MSVC/14.23.28105/bin/HostX64/x64/cl.exe 
Build flags: 
Id flags:  

The output was:
0
Microsoft (R) C/C++ Optimizing Compiler Version 19.23.28107 for x64
Copyright (C) Microsoft Corporation.  All rights reserved.

CMakeCXXCompilerId.cpp
Microsoft (R) Incremental Linker Version 14.23.28107.0
Copyright (C) Microsoft Corporation.  All rights reserved.

/out:CMakeCXXCompilerId.exe 
CMakeCXXCompilerId.obj 


Compilation of the CXX compiler identification source "CMakeCXXCompilerId.cpp" produced "CMakeCXXCompilerId.exe"

Compilation of the CXX compiler identification source "CMakeCXXCompilerId.cpp" produced "CMakeCXXCompilerId.obj"

The CXX compiler identification is MSVC, found in "D:/UNIVERSITY_OF_STUTTGART/COURSES_MATERIAL/SEM4/GPU_LAB/Opencl-ex1/out/build/x64-Release/CMakeFiles/3.15.19080502-MSVC_2/CompilerIdCXX/CMakeCXXCompilerId.exe"

Determining if the C compiler works passed with the following output:
Change Dir: D:/UNIVERSITY_OF_STUTTGART/COURSES_MATERIAL/SEM4/GPU_LAB/Opencl-ex1/out/build/x64-Release/CMakeFiles/CMakeTmp

Run Build Command(s):C:/Program Files (x86)/Microsoft Visual Studio/2019/Community/Common7/IDE/CommonExtensions/Microsoft/CMake/Ninja/ninja.exe cmTC_8e2ee && [1/2] Building C object CMakeFiles\cmTC_8e2ee.dir\testCCompiler.c.obj
[2/2] Linking C executable cmTC_8e2ee.exe



Detecting C compiler ABI info compiled with the following output:
Change Dir: D:/UNIVERSITY_OF_STUTTGART/COURSES_MATERIAL/SEM4/GPU_LAB/Opencl-ex1/out/build/x64-Release/CMakeFiles/CMakeTmp

Run Build Command(s):C:/Program Files (x86)/Microsoft Visual Studio/2019/Community/Common7/IDE/CommonExtensions/Microsoft/CMake/Ninja/ninja.exe cmTC_096da && [1/2] Building C object CMakeFiles\cmTC_096da.dir\CMakeCCompilerABI.c.obj
[2/2] Linking C executable cmTC_096da.exe



Determining if the CXX compiler works passed with the following output:
Change Dir: D:/UNIVERSITY_OF_STUTTGART/COURSES_MATERIAL/SEM4/GPU_LAB/Opencl-ex1/out/build/x64-Release/CMakeFiles/CMakeTmp

Run Build Command(s):C:/Program Files (x86)/Microsoft Visual Studio/2019/Community/Common7/IDE/CommonExtensions/Microsoft/CMake/Ninja/ninja.exe cmTC_64453 && [1/2] Building CXX object CMakeFiles\cmTC_64453.dir\testCXXCompiler.cxx.obj
[2/2] Linking CXX executable cmTC_64453.exe



Detecting CXX compiler ABI info compiled with the following output:
Change Dir: D:/UNIVERSITY_OF_STUTTGART/COURSES_MATERIAL/SEM4/GPU_LAB/Opencl-ex1/out/build/x64-Release/CMakeFiles/CMakeTmp

Run Build Command(s):C:/Program Files (x86)/Microsoft Visual Studio/2019/Community/Common7/IDE/CommonExtensions/Microsoft/CMake/Ninja/ninja.exe cmTC_1019a && [1/2] Building CXX object CMakeFiles\cmTC_1019a.dir\CMakeCXXCompilerABI.cpp.obj
[2/2] Linking CXX executable cmTC_1019a.exe



Determining if the CL_VERSION_2_2 exist passed with the following output:
Change Dir: D:/UNIVERSITY_OF_STUTTGART/COURSES_MATERIAL/SEM4/GPU_LAB/Opencl-ex1/out/build/x64-Release/CMakeFiles/CMakeTmp

Run Build Command(s):C:/Program Files (x86)/Microsoft Visual Studio/2019/Community/Common7/IDE/CommonExtensions/Microsoft/CMake/Ninja/ninja.exe cmTC_f18e0 && [1/2] Building C object CMakeFiles\cmTC_f18e0.dir\CheckSymbolExists.c.obj
[2/2] Linking C executable cmTC_f18e0.exe


File D:/UNIVERSITY_OF_STUTTGART/COURSES_MATERIAL/SEM4/GPU_LAB/Opencl-ex1/out/build/x64-Release/CMakeFiles/CMakeTmp/CheckSymbolExists.c:
/* */
#include <C:/Program Files/NVIDIA GPU Computing Toolkit/CUDA/v11.3/include/CL/cl.h>

int main(int argc, char** argv)
{
  (void)argv;
#ifndef CL_VERSION_2_2
  return ((int*)(&CL_VERSION_2_2))[argc];
#else
  (void)argc;
  return 0;
#endif
}

